\BOOKMARK [0][-]{section*.7}{\376\377\000\332\000v\000o\000d}{}% 1
\BOOKMARK [0][-]{section*.9}{\376\377\000C\000\355\000l\000e\000\040\000p\000r\000\341\000c\000e}{}% 2
\BOOKMARK [0][-]{chapter.10}{\376\377\000S\000b\001\033\000r\000n\000i\000c\000o\000v\000\375\000\040\000s\000y\000s\000t\000\351\000m\000\040\000K\000N\000X}{}% 3
\BOOKMARK [1][-]{section.11}{\376\377\000H\000i\000s\000t\000o\000r\000i\000e}{chapter.10}% 4
\BOOKMARK [2][-]{subsection.12}{\376\377\000E\000I\000B\000A}{section.11}% 5
\BOOKMARK [2][-]{subsection.13}{\376\377\000K\000N\000X}{section.11}% 6
\BOOKMARK [1][-]{section.14}{\376\377\000M\000o\001\176\000n\000o\000s\000t\000i\000\040\000p\000o\000u\001\176\000i\000t\000\355\000\040\000t\000e\000c\000h\000n\000o\000l\000o\000g\000i\000e}{chapter.10}% 7
\BOOKMARK [1][-]{section.15}{\376\377\000S\000b\001\033\000r\000n\000i\000c\000o\000v\000\351\000\040\000i\000n\000s\000t\000a\000l\000a\000c\000e}{chapter.10}% 8
\BOOKMARK [2][-]{subsection.16}{\376\377\000S\000b\001\033\000r\000n\000i\000c\000o\000v\000\351\000\040\000p\001\131\000\355\000s\000t\000r\000o\000j\000e}{section.15}% 9
\BOOKMARK [2][-]{subsection.19}{\376\377\000A\000d\000r\000e\000s\000o\000v\000\341\000n\000\355}{section.15}% 10
\BOOKMARK [2][-]{subsection.22}{\376\377\000K\000o\000m\000u\000n\000i\000k\000a\000c\000e}{section.15}% 11
\BOOKMARK [2][-]{subsection.25}{\376\377\000D\000a\000t\000o\000v\000\375\000\040\000b\000o\000d}{section.15}% 12
\BOOKMARK [1][-]{section.27}{\376\377\000Z\000a\000b\000e\000z\000p\000e\001\015\000e\000n\000\355}{chapter.10}% 13
\BOOKMARK [1][-]{section.28}{\376\377\000T\000o\000p\000o\000l\000o\000g\000i\000e}{chapter.10}% 14
\BOOKMARK [2][-]{subsection.30}{\376\377\000I\000n\000d\000i\000v\000i\000d\000u\000\341\000l\000n\000\355\000\040\000a\000d\000r\000e\000s\000a}{section.28}% 15
\BOOKMARK [2][-]{subsection.32}{\376\377\000S\000p\000o\000j\000k\000a}{section.28}% 16
\BOOKMARK [2][-]{subsection.33}{\376\377\000R\000o\000u\000t\000i\000n\000g\000o\000v\000\351\000\040\001\015\000\355\000s\000l\000o}{section.28}% 17
\BOOKMARK [2][-]{subsection.35}{\376\377\000I\000n\000t\000e\000r\000n\000\355\000\040\000a\000\040\000e\000x\000t\000e\000r\000n\000\355\000\040\000r\000o\000z\000h\000r\000a\000n\000\355}{section.28}% 18
\BOOKMARK [0][-]{chapter.36}{\376\377\000E\000T\000S}{}% 19
\BOOKMARK [1][-]{section.37}{\376\377\000T\000v\000o\000r\000b\000a\000\040\000i\000n\000s\000t\000a\000l\000a\000c\000e}{chapter.36}% 20
\BOOKMARK [1][-]{section.40}{\376\377\000P\000a\000r\000a\000m\000e\000t\000r\000i\000z\000a\000c\000e\000\040\000t\000l\000a\001\015\000\355\000t\000e\000k\000\040\000a\000\040\000d\000e\000t\000e\000k\000t\000o\000r\000u\000\040\000p\000o\000h\000y\000b\000u}{chapter.36}% 21
\BOOKMARK [2][-]{subsection.41}{\376\377\000A\000B\000B\000\040\000-\000\040\000S\000B\000R\000/\000U\0006\000.\0000\000.\0001\000-\0008\0004}{section.40}% 22
\BOOKMARK [2][-]{subsection.43}{\376\377\000B\000e\000r\000k\000e\000r\000\040\000-\000\040\0007\0005\0006\0006\0003\0005\0009\0003}{section.40}% 23
\BOOKMARK [2][-]{subsection.45}{\376\377\000E\000k\000i\000n\000e\000x\000\040\000-\000\040\000E\000K\000-\000E\000D\0002\000-\000T\000P\000-\000R\000W}{section.40}% 24
\BOOKMARK [2][-]{subsection.47}{\376\377\000B\000a\000s\000a\000l\000t\000e\000\040\000-\000\040\000S\000e\000n\000i\000d\000o\000\040\0002\0000\0002\000-\0000\0003}{section.40}% 25
\BOOKMARK [2][-]{subsection.49}{\376\377\000S\000i\000m\000o\000n\000\040\000-\000\040\0008\0004\0000\0000\0001\0000\0000\000-\0000\0003\0009}{section.40}% 26
\BOOKMARK [2][-]{subsection.51}{\376\377\000H\000D\000L\000\040\000-\000\040\000M\000/\000T\000B\000P\0006\000.\0001\000-\000A\0002}{section.40}% 27
\BOOKMARK [2][-]{subsection.55}{\376\377\000S\000i\000e\000m\000e\000n\000s\000\040\000-\000\040\000Q\000M\000X\0003\000.\000P\0003\0007}{section.40}% 28
\BOOKMARK [2][-]{subsection.57}{\376\377\000B\000.\000E\000.\000G\000\040\000-\000\040\000I\000n\000d\000o\000r\000\040\0001\0004\0000\000-\000L\000-\000K\000N\000X\000-\000D\000X}{section.40}% 29
\BOOKMARK [1][-]{section.59}{\376\377\000P\000a\000r\000a\000m\000e\000t\000r\000i\000z\000a\000c\000e\000\040\000a\000k\001\015\000n\000\355\000c\000h\000\040\001\015\000l\000e\000n\001\157}{chapter.36}% 30
\BOOKMARK [2][-]{subsection.60}{\376\377\000A\000B\000B\000\040\000S\000A\000/\000S\0008\000.\0001\0000\000.\0002\000.\0001}{section.59}% 31
\BOOKMARK [2][-]{subsection.62}{\376\377\000A\000B\000B\000\040\000-\000\040\000J\000R\000A\000/\000S\0004\000.\0002\0003\0000\000.\0002\000.\0001}{section.59}% 32
\BOOKMARK [2][-]{subsection.64}{\376\377\000H\000D\000L\000\040\000-\000\040\000M\000/\000R\0008\000.\0001\0000\000.\0001}{section.59}% 33
\BOOKMARK [2][-]{subsection.66}{\376\377\000H\000D\000L\000\040\000-\000\040\000M\000/\000D\000R\000G\000B\000W\0004\000.\0001}{section.59}% 34
\BOOKMARK [1][-]{section.68}{\376\377\000P\001\131\000i\000p\000o\000j\000e\000n\000\341\000\040\000k\000o\000m\000u\000n\000i\000k\000a\001\015\000n\000\355\000\040\000r\000o\000z\000h\000r\000a\000n\000\355}{chapter.36}% 35
\BOOKMARK [1][-]{section.71}{\376\377\000V\000y\000t\000v\000o\001\131\000e\000n\000\355\000\040\000s\000k\000u\000p\000i\000n\000o\000v\000\375\000c\000h\000\040\000a\000d\000r\000e\000s\000\040\000p\000r\000o\000j\000e\000k\000t\000u}{chapter.36}% 36
\BOOKMARK [0][-]{chapter.78}{\376\377\000F\000o\000x\000t\000r\000o\000t}{}% 37
\BOOKMARK [1][-]{section.79}{\376\377\000K\000o\000m\000u\000n\000i\000k\000a\000c\000e\000\040\000K\000N\000X\000/\000I\000P}{chapter.78}% 38
\BOOKMARK [1][-]{section.80}{\376\377\000K\000o\000m\000u\000n\000i\000k\000a\000c\000e\000\040\000M\000Q\000T\000T}{chapter.78}% 39
\BOOKMARK [1][-]{section.81}{\376\377\000W\000e\000b\000\040\000S\000e\000r\000v\000e\000r}{chapter.78}% 40
\BOOKMARK [0][-]{chapter.82}{\376\377\000R\000a\000s\000p\000b\000e\000r\000r\000y\000\040\000P\000i\000\040\0005}{}% 41
\BOOKMARK [1][-]{section.83}{\376\377\000D\000o\000c\000k\000e\000r\000\040\000C\000o\000m\000p\000o\000s\000e}{chapter.82}% 42
\BOOKMARK [2][-]{subsection.84}{\376\377\000K\000o\000n\000t\000e\000j\000n\000e\000r\000i\000z\000a\000c\000e}{section.83}% 43
\BOOKMARK [2][-]{subsection.85}{\376\377\000T\000v\000o\000r\000b\000a\000\040\000Y\000A\000M\000L\000\040\000s\000o\000u\000b\000o\000r\000u}{section.83}% 44
\BOOKMARK [1][-]{section.86}{\376\377\000M\000o\000s\000q\000u\000i\000t\000t\000o}{chapter.82}% 45
\BOOKMARK [1][-]{section.87}{\376\377\000H\000o\000m\000e\000\040\000A\000s\000s\000i\000s\000t\000a\000n\000t}{chapter.82}% 46
\BOOKMARK [1][-]{section.88}{\376\377\000I\000n\000f\000l\000u\000x\000d\000b}{chapter.82}% 47
\BOOKMARK [1][-]{section.89}{\376\377\000G\000r\000a\000f\000a\000n\000a}{chapter.82}% 48
\BOOKMARK [0][-]{section*.91}{\376\377\000Z\000\341\000v\001\033\000r}{}% 49
\BOOKMARK [0][-]{section*.93}{\376\377\000L\000i\000t\000e\000r\000a\000t\000u\000r\000a}{}% 50
\BOOKMARK [0][-]{section*.95}{\376\377\000S\000e\000z\000n\000a\000m\000\040\000s\000y\000m\000b\000o\000l\001\157\000\040\000a\000\040\000z\000k\000r\000a\000t\000e\000k}{}% 51
\BOOKMARK [0][-]{section*.97}{\376\377\000S\000e\000z\000n\000a\000m\000\040\000p\001\131\000\355\000l\000o\000h}{}% 52
\BOOKMARK [0][-]{chapter.98}{\376\377\000S\000k\000u\000p\000i\000n\000o\000v\000\351\000\040\000a\000d\000r\000e\000s\000y\000\040}{}% 53
